  求解方程有无实数根.c
D:\code\2024\Project_3_19\Project_3_19\求解方程有无实数根.c(7,9): error C2065: “doubel”: 未声明的标识符
D:\code\2024\Project_3_19\Project_3_19\求解方程有无实数根.c(7,9): error C2146: 语法错误: 缺少“;”(在标识符“a”的前面)
D:\code\2024\Project_3_19\Project_3_19\求解方程有无实数根.c(7,11): error C2065: “a”: 未声明的标识符
D:\code\2024\Project_3_19\Project_3_19\求解方程有无实数根.c(7,13): warning C4244: “=”: 从“double”转换到“int”，可能丢失数据
D:\code\2024\Project_3_19\Project_3_19\求解方程有无实数根.c(7,20): error C2065: “b”: 未声明的标识符
D:\code\2024\Project_3_19\Project_3_19\求解方程有无实数根.c(7,22): warning C4244: “=”: 从“double”转换到“int”，可能丢失数据
D:\code\2024\Project_3_19\Project_3_19\求解方程有无实数根.c(7,29): error C2065: “c”: 未声明的标识符
D:\code\2024\Project_3_19\Project_3_19\求解方程有无实数根.c(7,31): warning C4244: “=”: 从“double”转换到“int”，可能丢失数据
D:\code\2024\Project_3_19\Project_3_19\求解方程有无实数根.c(8,9): error C2065: “doubel”: 未声明的标识符
D:\code\2024\Project_3_19\Project_3_19\求解方程有无实数根.c(8,9): error C2146: 语法错误: 缺少“;”(在标识符“disc”的前面)
D:\code\2024\Project_3_19\Project_3_19\求解方程有无实数根.c(8,14): error C2065: “disc”: 未声明的标识符
D:\code\2024\Project_3_19\Project_3_19\求解方程有无实数根.c(8,16): warning C4244: “=”: 从“double”转换到“int”，可能丢失数据
D:\code\2024\Project_3_19\Project_3_19\求解方程有无实数根.c(9,9): error C2065: “doubel”: 未声明的标识符
D:\code\2024\Project_3_19\Project_3_19\求解方程有无实数根.c(9,9): error C2146: 语法错误: 缺少“;”(在标识符“p”的前面)
D:\code\2024\Project_3_19\Project_3_19\求解方程有无实数根.c(9,11): error C2065: “p”: 未声明的标识符
D:\code\2024\Project_3_19\Project_3_19\求解方程有无实数根.c(9,13): warning C4244: “=”: 从“double”转换到“int”，可能丢失数据
D:\code\2024\Project_3_19\Project_3_19\求解方程有无实数根.c(10,9): error C2065: “doubel”: 未声明的标识符
D:\code\2024\Project_3_19\Project_3_19\求解方程有无实数根.c(10,9): error C2146: 语法错误: 缺少“;”(在标识符“q”的前面)
D:\code\2024\Project_3_19\Project_3_19\求解方程有无实数根.c(10,11): error C2065: “q”: 未声明的标识符
D:\code\2024\Project_3_19\Project_3_19\求解方程有无实数根.c(10,13): warning C4244: “=”: 从“double”转换到“int”，可能丢失数据
D:\code\2024\Project_3_19\Project_3_19\求解方程有无实数根.c(11,9): error C2065: “doubel”: 未声明的标识符
D:\code\2024\Project_3_19\Project_3_19\求解方程有无实数根.c(11,9): error C2146: 语法错误: 缺少“;”(在标识符“x1”的前面)
D:\code\2024\Project_3_19\Project_3_19\求解方程有无实数根.c(11,12): error C2065: “x1”: 未声明的标识符
D:\code\2024\Project_3_19\Project_3_19\求解方程有无实数根.c(11,14): warning C4244: “=”: 从“double”转换到“int”，可能丢失数据
D:\code\2024\Project_3_19\Project_3_19\求解方程有无实数根.c(12,9): error C2065: “doubel”: 未声明的标识符
D:\code\2024\Project_3_19\Project_3_19\求解方程有无实数根.c(12,9): error C2146: 语法错误: 缺少“;”(在标识符“x2”的前面)
D:\code\2024\Project_3_19\Project_3_19\求解方程有无实数根.c(12,12): error C2065: “x2”: 未声明的标识符
D:\code\2024\Project_3_19\Project_3_19\求解方程有无实数根.c(12,14): warning C4244: “=”: 从“double”转换到“int”，可能丢失数据
D:\code\2024\Project_3_19\Project_3_19\求解方程有无实数根.c(14,23): error C2065: “a”: 未声明的标识符
D:\code\2024\Project_3_19\Project_3_19\求解方程有无实数根.c(14,27): error C2065: “b”: 未声明的标识符
D:\code\2024\Project_3_19\Project_3_19\求解方程有无实数根.c(14,31): error C2001: 常量中有换行符
D:\code\2024\Project_3_19\Project_3_19\求解方程有无实数根.c(14,31): error C2065: “c”: 未声明的标识符
D:\code\2024\Project_3_19\Project_3_19\求解方程有无实数根.c(14,31): error C2143: 语法错误: 缺少“)”(在“字符串”的前面)
D:\code\2024\Project_3_19\Project_3_19\求解方程有无实数根.c(14,8): warning C4475: “scanf”: 不可在格式说明符中将长度修饰符“I”与类型字段字符“f”一起使用
D:\code\2024\Project_3_19\Project_3_19\求解方程有无实数根.c(16,11): error C2065: “disc”: 未声明的标识符
D:\code\2024\Project_3_19\Project_3_19\求解方程有无实数根.c(22,5): error C2065: “p”: 未声明的标识符
D:\code\2024\Project_3_19\Project_3_19\求解方程有无实数根.c(22,10): error C2065: “b”: 未声明的标识符
D:\code\2024\Project_3_19\Project_3_19\求解方程有无实数根.c(22,20): error C2065: “a”: 未声明的标识符
D:\code\2024\Project_3_19\Project_3_19\求解方程有无实数根.c(23,5): error C2065: “q”: 未声明的标识符
D:\code\2024\Project_3_19\Project_3_19\求解方程有无实数根.c(23,16): error C2065: “disc”: 未声明的标识符
D:\code\2024\Project_3_19\Project_3_19\求解方程有无实数根.c(23,26): error C2065: “a”: 未声明的标识符
D:\code\2024\Project_3_19\Project_3_19\求解方程有无实数根.c(23,18): warning C4244: “=”: 从“double”转换到“int”，可能丢失数据
D:\code\2024\Project_3_19\Project_3_19\求解方程有无实数根.c(24,6): error C2065: “x1”: 未声明的标识符
D:\code\2024\Project_3_19\Project_3_19\求解方程有无实数根.c(24,10): error C2065: “p”: 未声明的标识符
D:\code\2024\Project_3_19\Project_3_19\求解方程有无实数根.c(24,13): error C2065: “q”: 未声明的标识符
D:\code\2024\Project_3_19\Project_3_19\求解方程有无实数根.c(25,6): error C2065: “x2”: 未声明的标识符
D:\code\2024\Project_3_19\Project_3_19\求解方程有无实数根.c(25,10): error C2065: “p”: 未声明的标识符
D:\code\2024\Project_3_19\Project_3_19\求解方程有无实数根.c(25,13): error C2065: “q”: 未声明的标识符
D:\code\2024\Project_3_19\Project_3_19\求解方程有无实数根.c(26,37): error C2065: “x1”: 未声明的标识符
D:\code\2024\Project_3_19\Project_3_19\求解方程有无实数根.c(26,41): error C2065: “x2”: 未声明的标识符
D:\code\2024\Project_3_19\Project_3_19\求解方程有无实数根.c(26,10): warning C4475: “printf”: 不可在格式说明符中将长度修饰符“I”与类型字段字符“f”一起使用
